c:\fragua\emule-aishor-forge\id3lib\libprj\x64\release\id3lib.pdb
c:\fragua\emule-aishor-forge\id3lib\libprj\id3lib\x64\release\mp3_parse.obj
c:\fragua\emule-aishor-forge\id3lib\libprj\id3lib\x64\release\misc_support.obj
c:\fragua\emule-aishor-forge\id3lib\libprj\id3lib\x64\release\io_helpers.obj
c:\fragua\emule-aishor-forge\id3lib\libprj\id3lib\x64\release\io_decorators.obj
c:\fragua\emule-aishor-forge\id3lib\libprj\id3lib\x64\release\io.obj
c:\fragua\emule-aishor-forge\id3lib\libprj\id3lib\x64\release\helpers.obj
c:\fragua\emule-aishor-forge\id3lib\libprj\id3lib\x64\release\header_tag.obj
c:\fragua\emule-aishor-forge\id3lib\libprj\id3lib\x64\release\header_frame.obj
c:\fragua\emule-aishor-forge\id3lib\libprj\id3lib\x64\release\header.obj
c:\fragua\emule-aishor-forge\id3lib\libprj\id3lib\x64\release\globals.obj
c:\fragua\emule-aishor-forge\id3lib\libprj\id3lib\x64\release\frame_render.obj
c:\fragua\emule-aishor-forge\id3lib\libprj\id3lib\x64\release\frame_parse.obj
c:\fragua\emule-aishor-forge\id3lib\libprj\id3lib\x64\release\frame_impl.obj
c:\fragua\emule-aishor-forge\id3lib\libprj\id3lib\x64\release\frame.obj
c:\fragua\emule-aishor-forge\id3lib\libprj\id3lib\x64\release\field_string_unicode.obj
c:\fragua\emule-aishor-forge\id3lib\libprj\id3lib\x64\release\field_string_ascii.obj
c:\fragua\emule-aishor-forge\id3lib\libprj\id3lib\x64\release\field_integer.obj
c:\fragua\emule-aishor-forge\id3lib\libprj\id3lib\x64\release\field_binary.obj
c:\fragua\emule-aishor-forge\id3lib\libprj\id3lib\x64\release\field.obj
c:\fragua\emule-aishor-forge\id3lib\libprj\id3lib\x64\release\c_wrapper.obj
c:\fragua\emule-aishor-forge\id3lib\libprj\id3lib\x64\release\writers.obj
c:\fragua\emule-aishor-forge\id3lib\libprj\id3lib\x64\release\utils.obj
c:\fragua\emule-aishor-forge\id3lib\libprj\id3lib\x64\release\tag_render.obj
c:\fragua\emule-aishor-forge\id3lib\libprj\id3lib\x64\release\tag_parse_v1.obj
c:\fragua\emule-aishor-forge\id3lib\libprj\id3lib\x64\release\tag_parse_musicmatch.obj
c:\fragua\emule-aishor-forge\id3lib\libprj\id3lib\x64\release\tag_parse_lyrics3.obj
c:\fragua\emule-aishor-forge\id3lib\libprj\id3lib\x64\release\tag_parse.obj
c:\fragua\emule-aishor-forge\id3lib\libprj\id3lib\x64\release\tag_impl.obj
c:\fragua\emule-aishor-forge\id3lib\libprj\id3lib\x64\release\tag_find.obj
c:\fragua\emule-aishor-forge\id3lib\libprj\id3lib\x64\release\tag.obj
c:\fragua\emule-aishor-forge\id3lib\libprj\id3lib\x64\release\spec.obj
c:\fragua\emule-aishor-forge\id3lib\libprj\id3lib\x64\release\readers.obj
c:\fragua\emule-aishor-forge\id3lib\libprj\id3lib\x64\release\id3lib.tlog\cl.command.1.tlog
c:\fragua\emule-aishor-forge\id3lib\libprj\id3lib\x64\release\id3lib.tlog\cl.read.1.tlog
c:\fragua\emule-aishor-forge\id3lib\libprj\id3lib\x64\release\id3lib.tlog\cl.write.1.tlog
