c:\fragua\emule-aishor\srchybrid\win32\release\emule.pch
c:\fragua\emule-aishor\srchybrid\win32\release\vc145.pdb
c:\fragua\emule-aishor\srchybrid\win32\release\stdafx.obj
c:\fragua\emule-aishor\srchybrid\win32\release\clientdetaildialog.obj
c:\fragua\emule-aishor\srchybrid\win32\release\clientcredits.obj
c:\fragua\emule-aishor\srchybrid\win32\release\chatwnd.obj
c:\fragua\emule-aishor\srchybrid\win32\release\chatselector.obj
c:\fragua\emule-aishor\srchybrid\win32\release\catdialog.obj
c:\fragua\emule-aishor\srchybrid\win32\release\captchagenerator.obj
c:\fragua\emule-aishor\srchybrid\win32\release\buttonstabctrl.obj
c:\fragua\emule-aishor\srchybrid\win32\release\buddybutton.obj
c:\fragua\emule-aishor\srchybrid\win32\release\baseclient.obj
c:\fragua\emule-aishor\srchybrid\win32\release\barshader.obj
c:\fragua\emule-aishor\srchybrid\win32\release\asyncsocketexlayer.obj
c:\fragua\emule-aishor\srchybrid\win32\release\asyncsocketex.obj
c:\fragua\emule-aishor\srchybrid\win32\release\asyncproxysocketlayer.obj
c:\fragua\emule-aishor\srchybrid\win32\release\archiverecovery.obj
c:\fragua\emule-aishor\srchybrid\win32\release\archivepreviewdlg.obj
c:\fragua\emule-aishor\srchybrid\win32\release\aichsyncthread.obj
c:\fragua\emule-aishor\srchybrid\win32\release\addsourcedlg.obj
c:\fragua\emule-aishor\srchybrid\win32\release\addfriend.obj
c:\fragua\emule-aishor\srchybrid\win32\release\abstractfile.obj
c:\fragua\emule-aishor\srchybrid\win32\release\3dpreviewcontrol.obj
c:\fragua\emule-aishor\srchybrid\win32\release\deadsourcelist.obj
c:\fragua\emule-aishor\srchybrid\win32\release\customautocomplete.obj
c:\fragua\emule-aishor\srchybrid\win32\release\creditsthread.obj
c:\fragua\emule-aishor\srchybrid\win32\release\creditsdlg.obj
c:\fragua\emule-aishor\srchybrid\win32\release\corruptionblackbox.obj
c:\fragua\emule-aishor\srchybrid\win32\release\commentlistctrl.obj
c:\fragua\emule-aishor\srchybrid\win32\release\commentdialoglst.obj
c:\fragua\emule-aishor\srchybrid\win32\release\commentdialog.obj
c:\fragua\emule-aishor\srchybrid\win32\release\comboboxex2.obj
c:\fragua\emule-aishor\srchybrid\win32\release\colourpopup.obj
c:\fragua\emule-aishor\srchybrid\win32\release\colorbutton.obj
c:\fragua\emule-aishor\srchybrid\win32\release\collectionviewdialog.obj
c:\fragua\emule-aishor\srchybrid\win32\release\collectionlistctrl.obj
c:\fragua\emule-aishor\srchybrid\win32\release\collectionfile.obj
c:\fragua\emule-aishor\srchybrid\win32\release\collectioncreatedialog.obj
c:\fragua\emule-aishor\srchybrid\win32\release\collection.obj
c:\fragua\emule-aishor\srchybrid\win32\release\closabletabctrl.obj
c:\fragua\emule-aishor\srchybrid\win32\release\clientudpsocket.obj
c:\fragua\emule-aishor\srchybrid\win32\release\clientlistctrl.obj
c:\fragua\emule-aishor\srchybrid\win32\release\clientlist.obj
c:\fragua\emule-aishor\srchybrid\win32\release\exitbox.obj
c:\fragua\emule-aishor\srchybrid\win32\release\encryptedstreamsocket.obj
c:\fragua\emule-aishor\srchybrid\win32\release\encrypteddatagramsocket.obj
c:\fragua\emule-aishor\srchybrid\win32\release\enbitmap.obj
c:\fragua\emule-aishor\srchybrid\win32\release\emuledlg.obj
c:\fragua\emule-aishor\srchybrid\win32\release\emule.obj
c:\fragua\emule-aishor\srchybrid\win32\release\emsocket.obj
c:\fragua\emule-aishor\srchybrid\win32\release\editx.obj
c:\fragua\emule-aishor\srchybrid\win32\release\editdelayed.obj
c:\fragua\emule-aishor\srchybrid\win32\release\ed2klinkdlg.obj
c:\fragua\emule-aishor\srchybrid\win32\release\ed2klink.obj
c:\fragua\emule-aishor\srchybrid\win32\release\droptarget.obj
c:\fragua\emule-aishor\srchybrid\win32\release\dropdownbutton.obj
c:\fragua\emule-aishor\srchybrid\win32\release\downloadqueue.obj
c:\fragua\emule-aishor\srchybrid\win32\release\downloadlistctrl.obj
c:\fragua\emule-aishor\srchybrid\win32\release\downloadclientsctrl.obj
c:\fragua\emule-aishor\srchybrid\win32\release\downloadclient.obj
c:\fragua\emule-aishor\srchybrid\win32\release\directorytreectrl.obj
c:\fragua\emule-aishor\srchybrid\win32\release\directdownloaddlg.obj
c:\fragua\emule-aishor\srchybrid\win32\release\dialogmintraybtn.obj
c:\fragua\emule-aishor\srchybrid\win32\release\iesecurity.obj
c:\fragua\emule-aishor\srchybrid\win32\release\iconstatic.obj
c:\fragua\emule-aishor\srchybrid\win32\release\i18n.obj
c:\fragua\emule-aishor\srchybrid\win32\release\httpdownloaddlg.obj
c:\fragua\emule-aishor\srchybrid\win32\release\httpclientreqsocket.obj
c:\fragua\emule-aishor\srchybrid\win32\release\htricheditctrl.obj
c:\fragua\emule-aishor\srchybrid\win32\release\gzipfile.obj
c:\fragua\emule-aishor\srchybrid\win32\release\gradientstatic.obj
c:\fragua\emule-aishor\srchybrid\win32\release\gdithread.obj
c:\fragua\emule-aishor\srchybrid\win32\release\friendlistctrl.obj
c:\fragua\emule-aishor\srchybrid\win32\release\friendlist.obj
c:\fragua\emule-aishor\srchybrid\win32\release\friend.obj
c:\fragua\emule-aishor\srchybrid\win32\release\framegrabthread.obj
c:\fragua\emule-aishor\srchybrid\win32\release\firewallopener.obj
c:\fragua\emule-aishor\srchybrid\win32\release\fileinfodialog.obj
c:\fragua\emule-aishor\srchybrid\win32\release\fileidentifier.obj
c:\fragua\emule-aishor\srchybrid\win32\release\filedetaildlgstatistics.obj
c:\fragua\emule-aishor\srchybrid\win32\release\filedetaildialogname.obj
c:\fragua\emule-aishor\srchybrid\win32\release\filedetaildialoginfo.obj
c:\fragua\emule-aishor\srchybrid\win32\release\filedetaildialog.obj
c:\fragua\emule-aishor\srchybrid\win32\release\kademlia.obj
c:\fragua\emule-aishor\srchybrid\win32\release\indexed.obj
c:\fragua\emule-aishor\srchybrid\win32\release\entry.obj
c:\fragua\emule-aishor\srchybrid\win32\release\ioexception.obj
c:\fragua\emule-aishor\srchybrid\win32\release\fileio.obj
c:\fragua\emule-aishor\srchybrid\win32\release\dataio.obj
c:\fragua\emule-aishor\srchybrid\win32\release\byteio.obj
c:\fragua\emule-aishor\srchybrid\win32\release\bufferedfileio.obj
c:\fragua\emule-aishor\srchybrid\win32\release\kadcontactlistctrl.obj
c:\fragua\emule-aishor\srchybrid\win32\release\kadcontacthistogramctrl.obj
c:\fragua\emule-aishor\srchybrid\win32\release\ircwnd.obj
c:\fragua\emule-aishor\srchybrid\win32\release\ircsocket.obj
c:\fragua\emule-aishor\srchybrid\win32\release\ircnicklistctrl.obj
c:\fragua\emule-aishor\srchybrid\win32\release\ircmain.obj
c:\fragua\emule-aishor\srchybrid\win32\release\ircchanneltabctrl.obj
c:\fragua\emule-aishor\srchybrid\win32\release\ircchannellistctrl.obj
c:\fragua\emule-aishor\srchybrid\win32\release\ipfilterdlg.obj
c:\fragua\emule-aishor\srchybrid\win32\release\ipfilter.obj
c:\fragua\emule-aishor\srchybrid\win32\release\inputbox.obj
c:\fragua\emule-aishor\srchybrid\win32\release\ini2.obj
c:\fragua\emule-aishor\srchybrid\win32\release\layeredwindowhelperst.obj
c:\fragua\emule-aishor\srchybrid\win32\release\lastcommonroutefinder.obj
c:\fragua\emule-aishor\srchybrid\win32\release\knownfilelist.obj
c:\fragua\emule-aishor\srchybrid\win32\release\knownfile.obj
c:\fragua\emule-aishor\srchybrid\win32\release\kadsearchlistctrl.obj
c:\fragua\emule-aishor\srchybrid\win32\release\kadlookupgraph.obj
c:\fragua\emule-aishor\srchybrid\win32\release\kademliawnd.obj
c:\fragua\emule-aishor\srchybrid\win32\release\uint128.obj
c:\fragua\emule-aishor\srchybrid\win32\release\threadname.obj
c:\fragua\emule-aishor\srchybrid\win32\release\miscutils.obj
c:\fragua\emule-aishor\srchybrid\win32\release\lookuphistory.obj
c:\fragua\emule-aishor\srchybrid\win32\release\routingzone.obj
c:\fragua\emule-aishor\srchybrid\win32\release\routingbin.obj
c:\fragua\emule-aishor\srchybrid\win32\release\contact.obj
c:\fragua\emule-aishor\srchybrid\win32\release\packettracking.obj
c:\fragua\emule-aishor\srchybrid\win32\release\kademliaudplistener.obj
c:\fragua\emule-aishor\srchybrid\win32\release\udpfirewalltester.obj
c:\fragua\emule-aishor\srchybrid\win32\release\searchmanager.obj
c:\fragua\emule-aishor\srchybrid\win32\release\search.obj
c:\fragua\emule-aishor\srchybrid\win32\release\prefs.obj
c:\fragua\emule-aishor\srchybrid\win32\release\oscopectrl.obj
c:\fragua\emule-aishor\srchybrid\win32\release\networkinfodlg.obj
c:\fragua\emule-aishor\srchybrid\win32\release\muletoolbarctrl.obj
c:\fragua\emule-aishor\srchybrid\win32\release\mulesystraydlg.obj
c:\fragua\emule-aishor\srchybrid\win32\release\mulestatusbarctrl.obj
c:\fragua\emule-aishor\srchybrid\win32\release\mulelistctrl.obj
c:\fragua\emule-aishor\srchybrid\win32\release\minimule.obj
c:\fragua\emule-aishor\srchybrid\win32\release\metericon.obj
c:\fragua\emule-aishor\srchybrid\win32\release\metadatadlg.obj
c:\fragua\emule-aishor\srchybrid\win32\release\mediainfo.obj
c:\fragua\emule-aishor\srchybrid\win32\release\mdump.obj
c:\fragua\emule-aishor\srchybrid\win32\release\md5sum.obj
c:\fragua\emule-aishor\srchybrid\win32\release\md4.obj
c:\fragua\emule-aishor\srchybrid\win32\release\log.obj
c:\fragua\emule-aishor\srchybrid\win32\release\listviewwalkerpropertysheet.obj
c:\fragua\emule-aishor\srchybrid\win32\release\listviewsearchdlg.obj
c:\fragua\emule-aishor\srchybrid\win32\release\listensocket.obj
c:\fragua\emule-aishor\srchybrid\win32\release\listctrlx.obj
c:\fragua\emule-aishor\srchybrid\win32\release\listctrleditable.obj
c:\fragua\emule-aishor\srchybrid\win32\release\listboxst.obj
c:\fragua\emule-aishor\srchybrid\win32\release\ppgserver.obj
c:\fragua\emule-aishor\srchybrid\win32\release\ppgsecurity.obj
c:\fragua\emule-aishor\srchybrid\win32\release\ppgscheduler.obj
c:\fragua\emule-aishor\srchybrid\win32\release\ppgproxy.obj
c:\fragua\emule-aishor\srchybrid\win32\release\ppgnotify.obj
c:\fragua\emule-aishor\srchybrid\win32\release\ppgmessages.obj
c:\fragua\emule-aishor\srchybrid\win32\release\ppgirc.obj
c:\fragua\emule-aishor\srchybrid\win32\release\ppggeneral.obj
c:\fragua\emule-aishor\srchybrid\win32\release\ppgfiles.obj
c:\fragua\emule-aishor\srchybrid\win32\release\ppgdisplay.obj
c:\fragua\emule-aishor\srchybrid\win32\release\ppgdirectories.obj
c:\fragua\emule-aishor\srchybrid\win32\release\ppgdebug.obj
c:\fragua\emule-aishor\srchybrid\win32\release\ppgconnection.obj
c:\fragua\emule-aishor\srchybrid\win32\release\pinger.obj
c:\fragua\emule-aishor\srchybrid\win32\release\perflog.obj
c:\fragua\emule-aishor\srchybrid\win32\release\partfilewritethread.obj
c:\fragua\emule-aishor\srchybrid\win32\release\partfileconvert.obj
c:\fragua\emule-aishor\srchybrid\win32\release\partfile.obj
c:\fragua\emule-aishor\srchybrid\win32\release\packets.obj
c:\fragua\emule-aishor\srchybrid\win32\release\otherfunctions.obj
c:\fragua\emule-aishor\srchybrid\win32\release\searchparamswnd.obj
c:\fragua\emule-aishor\srchybrid\win32\release\searchlistctrl.obj
c:\fragua\emule-aishor\srchybrid\win32\release\searchlist.obj
c:\fragua\emule-aishor\srchybrid\win32\release\searchfile.obj
c:\fragua\emule-aishor\srchybrid\win32\release\searchdlg.obj
c:\fragua\emule-aishor\srchybrid\win32\release\scheduler.obj
c:\fragua\emule-aishor\srchybrid\win32\release\safefile.obj
c:\fragua\emule-aishor\srchybrid\win32\release\richeditstream.obj
c:\fragua\emule-aishor\srchybrid\win32\release\richeditctrlx.obj
c:\fragua\emule-aishor\srchybrid\win32\release\rarfile.obj
c:\fragua\emule-aishor\srchybrid\win32\release\queuelistctrl.obj
c:\fragua\emule-aishor\srchybrid\win32\release\quantize.obj
c:\fragua\emule-aishor\srchybrid\win32\release\pshtwiz1.obj
c:\fragua\emule-aishor\srchybrid\win32\release\progressctrlx.obj
c:\fragua\emule-aishor\srchybrid\win32\release\previewdlg.obj
c:\fragua\emule-aishor\srchybrid\win32\release\preview.obj
c:\fragua\emule-aishor\srchybrid\win32\release\preferencesdlg.obj
c:\fragua\emule-aishor\srchybrid\win32\release\preferences.obj
c:\fragua\emule-aishor\srchybrid\win32\release\ppgtweaks.obj
c:\fragua\emule-aishor\srchybrid\win32\release\ppgstats.obj
c:\fragua\emule-aishor\srchybrid\win32\release\splittercontrol.obj
c:\fragua\emule-aishor\srchybrid\win32\release\splashscreen.obj
c:\fragua\emule-aishor\srchybrid\win32\release\smtpdialog.obj
c:\fragua\emule-aishor\srchybrid\win32\release\smileyselector.obj
c:\fragua\emule-aishor\srchybrid\win32\release\sharedfileswnd.obj
c:\fragua\emule-aishor\srchybrid\win32\release\sharedfilesctrl.obj
c:\fragua\emule-aishor\srchybrid\win32\release\sharedfilelist.obj
c:\fragua\emule-aishor\srchybrid\win32\release\shareddirstreectrl.obj
c:\fragua\emule-aishor\srchybrid\win32\release\shareablefile.obj
c:\fragua\emule-aishor\srchybrid\win32\release\shahashset.obj
c:\fragua\emule-aishor\srchybrid\win32\release\sha.obj
c:\fragua\emule-aishor\srchybrid\win32\release\serverwnd.obj
c:\fragua\emule-aishor\srchybrid\win32\release\serversocket.obj
c:\fragua\emule-aishor\srchybrid\win32\release\serverlistctrl.obj
c:\fragua\emule-aishor\srchybrid\win32\release\serverlist.obj
c:\fragua\emule-aishor\srchybrid\win32\release\serverconnect.obj
c:\fragua\emule-aishor\srchybrid\win32\release\server.obj
c:\fragua\emule-aishor\srchybrid\win32\release\selftest.obj
c:\fragua\emule-aishor\srchybrid\win32\release\secrunasuser.obj
c:\fragua\emule-aishor\srchybrid\win32\release\searchresultswnd.obj
c:\fragua\emule-aishor\srchybrid\win32\release\treeoptionsctrlex.obj
c:\fragua\emule-aishor\srchybrid\win32\release\treeoptionsctrl.obj
c:\fragua\emule-aishor\srchybrid\win32\release\traymenubtn.obj
c:\fragua\emule-aishor\srchybrid\win32\release\traydialog.obj
c:\fragua\emule-aishor\srchybrid\win32\release\transferwnd.obj
c:\fragua\emule-aishor\srchybrid\win32\release\transferdlg.obj
c:\fragua\emule-aishor\srchybrid\win32\release\tooltipctrlx.obj
c:\fragua\emule-aishor\srchybrid\win32\release\toolbarwnd.obj
c:\fragua\emule-aishor\srchybrid\win32\release\toolbarctrlx.obj
c:\fragua\emule-aishor\srchybrid\win32\release\tlsthreading.obj
c:\fragua\emule-aishor\srchybrid\win32\release\titlemenu.obj
c:\fragua\emule-aishor\srchybrid\win32\release\timetick.obj
c:\fragua\emule-aishor\srchybrid\win32\release\texttospeech.obj
c:\fragua\emule-aishor\srchybrid\win32\release\taskbarnotifier.obj
c:\fragua\emule-aishor\srchybrid\win32\release\tabctrl.obj
c:\fragua\emule-aishor\srchybrid\win32\release\stringconversion.obj
c:\fragua\emule-aishor\srchybrid\win32\release\statisticstree.obj
c:\fragua\emule-aishor\srchybrid\win32\release\statisticsdlg.obj
c:\fragua\emule-aishor\srchybrid\win32\release\statistics.obj
c:\fragua\emule-aishor\srchybrid\win32\release\statisticfile.obj
c:\fragua\emule-aishor\srchybrid\win32\release\zipfile.obj
c:\fragua\emule-aishor\srchybrid\win32\release\wizard.obj
c:\fragua\emule-aishor\srchybrid\win32\release\webserver.obj
c:\fragua\emule-aishor\srchybrid\win32\release\visualstylesxp.obj
c:\fragua\emule-aishor\srchybrid\win32\release\version.obj
c:\fragua\emule-aishor\srchybrid\win32\release\urlclient.obj
c:\fragua\emule-aishor\srchybrid\win32\release\upnpimplwrapper.obj
c:\fragua\emule-aishor\srchybrid\win32\release\upnpimplwinserv.obj
c:\fragua\emule-aishor\srchybrid\win32\release\upnpimpl.obj
c:\fragua\emule-aishor\srchybrid\win32\release\uploadqueue.obj
c:\fragua\emule-aishor\srchybrid\win32\release\uploadlistctrl.obj
c:\fragua\emule-aishor\srchybrid\win32\release\uploaddiskiothread.obj
c:\fragua\emule-aishor\srchybrid\win32\release\uploadclient.obj
c:\fragua\emule-aishor\srchybrid\win32\release\uploadbandwidththrottler.obj
c:\fragua\emule-aishor\srchybrid\win32\release\udpsocket.obj
c:\fragua\emule-aishor\srchybrid\win32\release\treepropsheetpgframedef.obj
c:\fragua\emule-aishor\srchybrid\win32\release\treepropsheetpgframe.obj
c:\fragua\emule-aishor\srchybrid\win32\release\treepropsheet.obj
c:\fragua\emule-aishor\srchybrid\win32\release\parser.obj
c:\fragua\emule-aishor\srchybrid\win32\release\websocket.obj
c:\fragua\emule-aishor\srchybrid\win32\release\upnpimplminilib.obj
c:\fragua\emule-aishor\srchybrid\win32\release\sendmail.obj
c:\fragua\emule-aishor\srchybrid\win32\release\ppgwebserver.obj
c:\fragua\emule-aishor\srchybrid\win32\release\scanner.obj
c:\fragua\emule-aishor\srchybrid\win32\release\emule.exe
c:\fragua\emule-aishor\srchybrid\win32\release\emule.pdb
c:\fragua\emule-aishor\srchybrid\win32\release\emule.res
c:\fragua\emule-aishor\srchybrid\win32\release\emule.lib
c:\fragua\emule-aishor\srchybrid\win32\release\emule.exp
