c:\fragua\emule-aishor\srchybrid\x64\release\emule.pch
c:\fragua\emule-aishor\srchybrid\x64\release\vc145.pdb
c:\fragua\emule-aishor\srchybrid\x64\release\stdafx.obj
c:\fragua\emule-aishor\srchybrid\x64\release\clientdetaildialog.obj
c:\fragua\emule-aishor\srchybrid\x64\release\clientcredits.obj
c:\fragua\emule-aishor\srchybrid\x64\release\chatwnd.obj
c:\fragua\emule-aishor\srchybrid\x64\release\chatselector.obj
c:\fragua\emule-aishor\srchybrid\x64\release\catdialog.obj
c:\fragua\emule-aishor\srchybrid\x64\release\captchagenerator.obj
c:\fragua\emule-aishor\srchybrid\x64\release\buttonstabctrl.obj
c:\fragua\emule-aishor\srchybrid\x64\release\buddybutton.obj
c:\fragua\emule-aishor\srchybrid\x64\release\baseclient.obj
c:\fragua\emule-aishor\srchybrid\x64\release\barshader.obj
c:\fragua\emule-aishor\srchybrid\x64\release\asyncsocketexlayer.obj
c:\fragua\emule-aishor\srchybrid\x64\release\asyncsocketex.obj
c:\fragua\emule-aishor\srchybrid\x64\release\asyncproxysocketlayer.obj
c:\fragua\emule-aishor\srchybrid\x64\release\archiverecovery.obj
c:\fragua\emule-aishor\srchybrid\x64\release\archivepreviewdlg.obj
c:\fragua\emule-aishor\srchybrid\x64\release\aichsyncthread.obj
c:\fragua\emule-aishor\srchybrid\x64\release\addsourcedlg.obj
c:\fragua\emule-aishor\srchybrid\x64\release\addfriend.obj
c:\fragua\emule-aishor\srchybrid\x64\release\abstractfile.obj
c:\fragua\emule-aishor\srchybrid\x64\release\3dpreviewcontrol.obj
c:\fragua\emule-aishor\srchybrid\x64\release\deadsourcelist.obj
c:\fragua\emule-aishor\srchybrid\x64\release\customautocomplete.obj
c:\fragua\emule-aishor\srchybrid\x64\release\creditsthread.obj
c:\fragua\emule-aishor\srchybrid\x64\release\creditsdlg.obj
c:\fragua\emule-aishor\srchybrid\x64\release\corruptionblackbox.obj
c:\fragua\emule-aishor\srchybrid\x64\release\commentlistctrl.obj
c:\fragua\emule-aishor\srchybrid\x64\release\commentdialoglst.obj
c:\fragua\emule-aishor\srchybrid\x64\release\commentdialog.obj
c:\fragua\emule-aishor\srchybrid\x64\release\comboboxex2.obj
c:\fragua\emule-aishor\srchybrid\x64\release\colourpopup.obj
c:\fragua\emule-aishor\srchybrid\x64\release\colorbutton.obj
c:\fragua\emule-aishor\srchybrid\x64\release\collectionviewdialog.obj
c:\fragua\emule-aishor\srchybrid\x64\release\collectionlistctrl.obj
c:\fragua\emule-aishor\srchybrid\x64\release\collectionfile.obj
c:\fragua\emule-aishor\srchybrid\x64\release\collectioncreatedialog.obj
c:\fragua\emule-aishor\srchybrid\x64\release\collection.obj
c:\fragua\emule-aishor\srchybrid\x64\release\closabletabctrl.obj
c:\fragua\emule-aishor\srchybrid\x64\release\clientudpsocket.obj
c:\fragua\emule-aishor\srchybrid\x64\release\clientlistctrl.obj
c:\fragua\emule-aishor\srchybrid\x64\release\clientlist.obj
c:\fragua\emule-aishor\srchybrid\x64\release\exitbox.obj
c:\fragua\emule-aishor\srchybrid\x64\release\encryptedstreamsocket.obj
c:\fragua\emule-aishor\srchybrid\x64\release\encrypteddatagramsocket.obj
c:\fragua\emule-aishor\srchybrid\x64\release\enbitmap.obj
c:\fragua\emule-aishor\srchybrid\x64\release\emuledlg.obj
c:\fragua\emule-aishor\srchybrid\x64\release\emule.obj
c:\fragua\emule-aishor\srchybrid\x64\release\emsocket.obj
c:\fragua\emule-aishor\srchybrid\x64\release\editx.obj
c:\fragua\emule-aishor\srchybrid\x64\release\editdelayed.obj
c:\fragua\emule-aishor\srchybrid\x64\release\ed2klinkdlg.obj
c:\fragua\emule-aishor\srchybrid\x64\release\ed2klink.obj
c:\fragua\emule-aishor\srchybrid\x64\release\droptarget.obj
c:\fragua\emule-aishor\srchybrid\x64\release\dropdownbutton.obj
c:\fragua\emule-aishor\srchybrid\x64\release\downloadqueue.obj
c:\fragua\emule-aishor\srchybrid\x64\release\downloadlistctrl.obj
c:\fragua\emule-aishor\srchybrid\x64\release\downloadclientsctrl.obj
c:\fragua\emule-aishor\srchybrid\x64\release\downloadclient.obj
c:\fragua\emule-aishor\srchybrid\x64\release\directorytreectrl.obj
c:\fragua\emule-aishor\srchybrid\x64\release\directdownloaddlg.obj
c:\fragua\emule-aishor\srchybrid\x64\release\dialogmintraybtn.obj
c:\fragua\emule-aishor\srchybrid\x64\release\iesecurity.obj
c:\fragua\emule-aishor\srchybrid\x64\release\iconstatic.obj
c:\fragua\emule-aishor\srchybrid\x64\release\i18n.obj
c:\fragua\emule-aishor\srchybrid\x64\release\httpdownloaddlg.obj
c:\fragua\emule-aishor\srchybrid\x64\release\httpclientreqsocket.obj
c:\fragua\emule-aishor\srchybrid\x64\release\htricheditctrl.obj
c:\fragua\emule-aishor\srchybrid\x64\release\gzipfile.obj
c:\fragua\emule-aishor\srchybrid\x64\release\gradientstatic.obj
c:\fragua\emule-aishor\srchybrid\x64\release\gdithread.obj
c:\fragua\emule-aishor\srchybrid\x64\release\friendlistctrl.obj
c:\fragua\emule-aishor\srchybrid\x64\release\friendlist.obj
c:\fragua\emule-aishor\srchybrid\x64\release\friend.obj
c:\fragua\emule-aishor\srchybrid\x64\release\framegrabthread.obj
c:\fragua\emule-aishor\srchybrid\x64\release\firewallopener.obj
c:\fragua\emule-aishor\srchybrid\x64\release\fileinfodialog.obj
c:\fragua\emule-aishor\srchybrid\x64\release\fileidentifier.obj
c:\fragua\emule-aishor\srchybrid\x64\release\filedetaildlgstatistics.obj
c:\fragua\emule-aishor\srchybrid\x64\release\filedetaildialogname.obj
c:\fragua\emule-aishor\srchybrid\x64\release\filedetaildialoginfo.obj
c:\fragua\emule-aishor\srchybrid\x64\release\filedetaildialog.obj
c:\fragua\emule-aishor\srchybrid\x64\release\kademlia.obj
c:\fragua\emule-aishor\srchybrid\x64\release\indexed.obj
c:\fragua\emule-aishor\srchybrid\x64\release\entry.obj
c:\fragua\emule-aishor\srchybrid\x64\release\ioexception.obj
c:\fragua\emule-aishor\srchybrid\x64\release\fileio.obj
c:\fragua\emule-aishor\srchybrid\x64\release\dataio.obj
c:\fragua\emule-aishor\srchybrid\x64\release\byteio.obj
c:\fragua\emule-aishor\srchybrid\x64\release\bufferedfileio.obj
c:\fragua\emule-aishor\srchybrid\x64\release\kadcontactlistctrl.obj
c:\fragua\emule-aishor\srchybrid\x64\release\kadcontacthistogramctrl.obj
c:\fragua\emule-aishor\srchybrid\x64\release\ircwnd.obj
c:\fragua\emule-aishor\srchybrid\x64\release\ircsocket.obj
c:\fragua\emule-aishor\srchybrid\x64\release\ircnicklistctrl.obj
c:\fragua\emule-aishor\srchybrid\x64\release\ircmain.obj
c:\fragua\emule-aishor\srchybrid\x64\release\ircchanneltabctrl.obj
c:\fragua\emule-aishor\srchybrid\x64\release\ircchannellistctrl.obj
c:\fragua\emule-aishor\srchybrid\x64\release\ipfilterdlg.obj
c:\fragua\emule-aishor\srchybrid\x64\release\ipfilter.obj
c:\fragua\emule-aishor\srchybrid\x64\release\inputbox.obj
c:\fragua\emule-aishor\srchybrid\x64\release\ini2.obj
c:\fragua\emule-aishor\srchybrid\x64\release\layeredwindowhelperst.obj
c:\fragua\emule-aishor\srchybrid\x64\release\lastcommonroutefinder.obj
c:\fragua\emule-aishor\srchybrid\x64\release\knownfilelist.obj
c:\fragua\emule-aishor\srchybrid\x64\release\knownfile.obj
c:\fragua\emule-aishor\srchybrid\x64\release\kadsearchlistctrl.obj
c:\fragua\emule-aishor\srchybrid\x64\release\kadlookupgraph.obj
c:\fragua\emule-aishor\srchybrid\x64\release\kademliawnd.obj
c:\fragua\emule-aishor\srchybrid\x64\release\uint128.obj
c:\fragua\emule-aishor\srchybrid\x64\release\threadname.obj
c:\fragua\emule-aishor\srchybrid\x64\release\miscutils.obj
c:\fragua\emule-aishor\srchybrid\x64\release\lookuphistory.obj
c:\fragua\emule-aishor\srchybrid\x64\release\routingzone.obj
c:\fragua\emule-aishor\srchybrid\x64\release\routingbin.obj
c:\fragua\emule-aishor\srchybrid\x64\release\contact.obj
c:\fragua\emule-aishor\srchybrid\x64\release\packettracking.obj
c:\fragua\emule-aishor\srchybrid\x64\release\kademliaudplistener.obj
c:\fragua\emule-aishor\srchybrid\x64\release\udpfirewalltester.obj
c:\fragua\emule-aishor\srchybrid\x64\release\searchmanager.obj
c:\fragua\emule-aishor\srchybrid\x64\release\search.obj
c:\fragua\emule-aishor\srchybrid\x64\release\prefs.obj
c:\fragua\emule-aishor\srchybrid\x64\release\oscopectrl.obj
c:\fragua\emule-aishor\srchybrid\x64\release\networkinfodlg.obj
c:\fragua\emule-aishor\srchybrid\x64\release\muletoolbarctrl.obj
c:\fragua\emule-aishor\srchybrid\x64\release\mulesystraydlg.obj
c:\fragua\emule-aishor\srchybrid\x64\release\mulestatusbarctrl.obj
c:\fragua\emule-aishor\srchybrid\x64\release\mulelistctrl.obj
c:\fragua\emule-aishor\srchybrid\x64\release\minimule.obj
c:\fragua\emule-aishor\srchybrid\x64\release\metericon.obj
c:\fragua\emule-aishor\srchybrid\x64\release\metadatadlg.obj
c:\fragua\emule-aishor\srchybrid\x64\release\mediainfo.obj
c:\fragua\emule-aishor\srchybrid\x64\release\mdump.obj
c:\fragua\emule-aishor\srchybrid\x64\release\md5sum.obj
c:\fragua\emule-aishor\srchybrid\x64\release\md4.obj
c:\fragua\emule-aishor\srchybrid\x64\release\log.obj
c:\fragua\emule-aishor\srchybrid\x64\release\listviewwalkerpropertysheet.obj
c:\fragua\emule-aishor\srchybrid\x64\release\listviewsearchdlg.obj
c:\fragua\emule-aishor\srchybrid\x64\release\listensocket.obj
c:\fragua\emule-aishor\srchybrid\x64\release\listctrlx.obj
c:\fragua\emule-aishor\srchybrid\x64\release\listctrleditable.obj
c:\fragua\emule-aishor\srchybrid\x64\release\listboxst.obj
c:\fragua\emule-aishor\srchybrid\x64\release\ppgserver.obj
c:\fragua\emule-aishor\srchybrid\x64\release\ppgsecurity.obj
c:\fragua\emule-aishor\srchybrid\x64\release\ppgscheduler.obj
c:\fragua\emule-aishor\srchybrid\x64\release\ppgproxy.obj
c:\fragua\emule-aishor\srchybrid\x64\release\ppgnotify.obj
c:\fragua\emule-aishor\srchybrid\x64\release\ppgmessages.obj
c:\fragua\emule-aishor\srchybrid\x64\release\ppgirc.obj
c:\fragua\emule-aishor\srchybrid\x64\release\ppggeneral.obj
c:\fragua\emule-aishor\srchybrid\x64\release\ppgfiles.obj
c:\fragua\emule-aishor\srchybrid\x64\release\ppgdisplay.obj
c:\fragua\emule-aishor\srchybrid\x64\release\ppgdirectories.obj
c:\fragua\emule-aishor\srchybrid\x64\release\ppgdebug.obj
c:\fragua\emule-aishor\srchybrid\x64\release\ppgconnection.obj
c:\fragua\emule-aishor\srchybrid\x64\release\pinger.obj
c:\fragua\emule-aishor\srchybrid\x64\release\perflog.obj
c:\fragua\emule-aishor\srchybrid\x64\release\partfilewritethread.obj
c:\fragua\emule-aishor\srchybrid\x64\release\partfileconvert.obj
c:\fragua\emule-aishor\srchybrid\x64\release\partfile.obj
c:\fragua\emule-aishor\srchybrid\x64\release\packets.obj
c:\fragua\emule-aishor\srchybrid\x64\release\otherfunctions.obj
c:\fragua\emule-aishor\srchybrid\x64\release\searchlistctrl.obj
c:\fragua\emule-aishor\srchybrid\x64\release\searchlist.obj
c:\fragua\emule-aishor\srchybrid\x64\release\searchfile.obj
c:\fragua\emule-aishor\srchybrid\x64\release\searchdlg.obj
c:\fragua\emule-aishor\srchybrid\x64\release\scheduler.obj
c:\fragua\emule-aishor\srchybrid\x64\release\safefile.obj
c:\fragua\emule-aishor\srchybrid\x64\release\richeditstream.obj
c:\fragua\emule-aishor\srchybrid\x64\release\richeditctrlx.obj
c:\fragua\emule-aishor\srchybrid\x64\release\rarfile.obj
c:\fragua\emule-aishor\srchybrid\x64\release\queuelistctrl.obj
c:\fragua\emule-aishor\srchybrid\x64\release\quantize.obj
c:\fragua\emule-aishor\srchybrid\x64\release\pshtwiz1.obj
c:\fragua\emule-aishor\srchybrid\x64\release\progressctrlx.obj
c:\fragua\emule-aishor\srchybrid\x64\release\previewdlg.obj
c:\fragua\emule-aishor\srchybrid\x64\release\preview.obj
c:\fragua\emule-aishor\srchybrid\x64\release\preferencesdlg.obj
c:\fragua\emule-aishor\srchybrid\x64\release\preferences.obj
c:\fragua\emule-aishor\srchybrid\x64\release\ppgwebserver.obj
c:\fragua\emule-aishor\srchybrid\x64\release\ppgtweaks.obj
c:\fragua\emule-aishor\srchybrid\x64\release\ppgstats.obj
c:\fragua\emule-aishor\srchybrid\x64\release\smtpdialog.obj
c:\fragua\emule-aishor\srchybrid\x64\release\smileyselector.obj
c:\fragua\emule-aishor\srchybrid\x64\release\sharedfileswnd.obj
c:\fragua\emule-aishor\srchybrid\x64\release\sharedfilesctrl.obj
c:\fragua\emule-aishor\srchybrid\x64\release\sharedfilelist.obj
c:\fragua\emule-aishor\srchybrid\x64\release\shareddirstreectrl.obj
c:\fragua\emule-aishor\srchybrid\x64\release\shareablefile.obj
c:\fragua\emule-aishor\srchybrid\x64\release\shahashset.obj
c:\fragua\emule-aishor\srchybrid\x64\release\sha.obj
c:\fragua\emule-aishor\srchybrid\x64\release\serverwnd.obj
c:\fragua\emule-aishor\srchybrid\x64\release\serversocket.obj
c:\fragua\emule-aishor\srchybrid\x64\release\serverlistctrl.obj
c:\fragua\emule-aishor\srchybrid\x64\release\serverlist.obj
c:\fragua\emule-aishor\srchybrid\x64\release\serverconnect.obj
c:\fragua\emule-aishor\srchybrid\x64\release\server.obj
c:\fragua\emule-aishor\srchybrid\x64\release\sendmail.obj
c:\fragua\emule-aishor\srchybrid\x64\release\selftest.obj
c:\fragua\emule-aishor\srchybrid\x64\release\secrunasuser.obj
c:\fragua\emule-aishor\srchybrid\x64\release\searchresultswnd.obj
c:\fragua\emule-aishor\srchybrid\x64\release\searchparamswnd.obj
c:\fragua\emule-aishor\srchybrid\x64\release\traymenubtn.obj
c:\fragua\emule-aishor\srchybrid\x64\release\traydialog.obj
c:\fragua\emule-aishor\srchybrid\x64\release\transferwnd.obj
c:\fragua\emule-aishor\srchybrid\x64\release\transferdlg.obj
c:\fragua\emule-aishor\srchybrid\x64\release\tooltipctrlx.obj
c:\fragua\emule-aishor\srchybrid\x64\release\toolbarwnd.obj
c:\fragua\emule-aishor\srchybrid\x64\release\toolbarctrlx.obj
c:\fragua\emule-aishor\srchybrid\x64\release\tlsthreading.obj
c:\fragua\emule-aishor\srchybrid\x64\release\titledmenu.obj
c:\fragua\emule-aishor\srchybrid\x64\release\timetick.obj
c:\fragua\emule-aishor\srchybrid\x64\release\texttospeech.obj
c:\fragua\emule-aishor\srchybrid\x64\release\taskbarnotifier.obj
c:\fragua\emule-aishor\srchybrid\x64\release\tabctrl.obj
c:\fragua\emule-aishor\srchybrid\x64\release\stringconversion.obj
c:\fragua\emule-aishor\srchybrid\x64\release\statisticstree.obj
c:\fragua\emule-aishor\srchybrid\x64\release\statisticsdlg.obj
c:\fragua\emule-aishor\srchybrid\x64\release\statistics.obj
c:\fragua\emule-aishor\srchybrid\x64\release\statisticfile.obj
c:\fragua\emule-aishor\srchybrid\x64\release\splittercontrol.obj
c:\fragua\emule-aishor\srchybrid\x64\release\splashscreen.obj
c:\fragua\emule-aishor\srchybrid\x64\release\qualitydetector.obj
c:\fragua\emule-aishor\srchybrid\x64\release\jsonresponse.obj
c:\fragua\emule-aishor\srchybrid\x64\release\webserver.obj
c:\fragua\emule-aishor\srchybrid\x64\release\version.obj
c:\fragua\emule-aishor\srchybrid\x64\release\urlclient.obj
c:\fragua\emule-aishor\srchybrid\x64\release\upnpimplwrapper.obj
c:\fragua\emule-aishor\srchybrid\x64\release\upnpimplwinserv.obj
c:\fragua\emule-aishor\srchybrid\x64\release\upnpimplminilib.obj
c:\fragua\emule-aishor\srchybrid\x64\release\upnpimpl.obj
c:\fragua\emule-aishor\srchybrid\x64\release\uploadqueue.obj
c:\fragua\emule-aishor\srchybrid\x64\release\uploadlistctrl.obj
c:\fragua\emule-aishor\srchybrid\x64\release\uploaddiskiothread.obj
c:\fragua\emule-aishor\srchybrid\x64\release\uploadclient.obj
c:\fragua\emule-aishor\srchybrid\x64\release\uploadbandwidththrottler.obj
c:\fragua\emule-aishor\srchybrid\x64\release\udpsocket.obj
c:\fragua\emule-aishor\srchybrid\x64\release\treepropsheetpgframedef.obj
c:\fragua\emule-aishor\srchybrid\x64\release\treepropsheetpgframe.obj
c:\fragua\emule-aishor\srchybrid\x64\release\treepropsheet.obj
c:\fragua\emule-aishor\srchybrid\x64\release\treeoptionsctrlex.obj
c:\fragua\emule-aishor\srchybrid\x64\release\treeoptionsctrl.obj
c:\fragua\emule-aishor\srchybrid\x64\release\zipfile.obj
c:\fragua\emule-aishor\srchybrid\x64\release\wizard.obj
c:\fragua\emule-aishor\srchybrid\x64\release\websocket.obj
c:\fragua\emule-aishor\srchybrid\x64\release\llmapiserver_helpers.obj
c:\fragua\emule-aishor\srchybrid\x64\release\llmapiserver_adapter.obj
c:\fragua\emule-aishor\srchybrid\x64\release\llmapiserver.obj
c:\fragua\emule-aishor\srchybrid\x64\release\parser.obj
c:\fragua\emule-aishor\srchybrid\x64\release\scanner.obj
c:\fragua\emule-aishor\srchybrid\x64\release\iowin32.obj
c:\fragua\emule-aishor\srchybrid\x64\release\ioapi.obj
c:\fragua\emule-aishor\srchybrid\x64\release\zip.obj
c:\fragua\emule-aishor\srchybrid\x64\release\unzip.obj
c:\fragua\emule-aishor\srchybrid\x64\release\emule.exe
c:\fragua\emule-aishor\srchybrid\x64\release\emule.pdb
c:\fragua\emule-aishor\srchybrid\x64\release\emule.res
