c:\ia\programacion\emule-aishor\srchybrid\win32\debug\vc145.pdb
c:\ia\programacion\emule-aishor\srchybrid\win32\debug\prefs.obj
c:\ia\programacion\emule-aishor\srchybrid\win32\debug\kademlia.obj
c:\ia\programacion\emule-aishor\srchybrid\win32\debug\ini2.obj
c:\ia\programacion\emule-aishor\srchybrid\win32\debug\iesecurity.obj
c:\ia\programacion\emule-aishor\srchybrid\win32\debug\firewallopener.obj
c:\ia\programacion\emule-aishor\srchybrid\win32\debug\filedetaildialog.obj
c:\ia\programacion\emule-aishor\srchybrid\win32\debug\exitbox.obj
c:\ia\programacion\emule-aishor\srchybrid\win32\debug\enbitmap.obj
c:\ia\programacion\emule-aishor\srchybrid\win32\debug\dialogmintraybtn.obj
c:\ia\programacion\emule-aishor\srchybrid\win32\debug\deadsourcelist.obj
c:\ia\programacion\emule-aishor\srchybrid\win32\debug\clientlist.obj
c:\ia\programacion\emule-aishor\srchybrid\win32\debug\clientdetaildialog.obj
c:\ia\programacion\emule-aishor\srchybrid\win32\debug\catdialog.obj
c:\ia\programacion\emule-aishor\srchybrid\win32\debug\captchagenerator.obj
c:\ia\programacion\emule-aishor\srchybrid\win32\debug\buddybutton.obj
c:\ia\programacion\emule-aishor\srchybrid\win32\debug\3dpreviewcontrol.obj
c:\ia\programacion\emule-aishor\srchybrid\win32\debug\smtpdialog.obj
c:\ia\programacion\emule-aishor\srchybrid\win32\debug\sha.obj
c:\ia\programacion\emule-aishor\srchybrid\win32\debug\server.obj
c:\ia\programacion\emule-aishor\srchybrid\win32\debug\searchparamswnd.obj
c:\ia\programacion\emule-aishor\srchybrid\win32\debug\searchlistctrl.obj
c:\ia\programacion\emule-aishor\srchybrid\win32\debug\preferences.obj
c:\ia\programacion\emule-aishor\srchybrid\win32\debug\ppgstats.obj
c:\ia\programacion\emule-aishor\srchybrid\win32\debug\ppgserver.obj
c:\ia\programacion\emule-aishor\srchybrid\win32\debug\otherfunctions.obj
c:\ia\programacion\emule-aishor\srchybrid\win32\debug\oscopectrl.obj
c:\ia\programacion\emule-aishor\srchybrid\win32\debug\mulesystraydlg.obj
c:\ia\programacion\emule-aishor\srchybrid\win32\debug\listboxst.obj
c:\ia\programacion\emule-aishor\srchybrid\win32\debug\layeredwindowhelperst.obj
c:\ia\programacion\emule-aishor\srchybrid\win32\debug\knownfilelist.obj
c:\ia\programacion\emule-aishor\srchybrid\win32\debug\zipfile.obj
c:\ia\programacion\emule-aishor\srchybrid\win32\debug\upnpimplwinserv.obj
c:\ia\programacion\emule-aishor\srchybrid\win32\debug\upnpimpl.obj
c:\ia\programacion\emule-aishor\srchybrid\win32\debug\treeoptionsctrl.obj
c:\ia\programacion\emule-aishor\srchybrid\win32\debug\traymenubtn.obj
c:\ia\programacion\emule-aishor\srchybrid\win32\debug\toolbarctrlx.obj
c:\ia\programacion\emule-aishor\srchybrid\win32\debug\statisticstree.obj
c:\ia\programacion\emule-aishor\srchybrid\win32\debug\splashscreen.obj
c:\ia\programacion\emule-aishor\srchybrid\win32\debug\serverwnd.obj
c:\ia\programacion\emule-aishor\srchybrid\win32\debug\networkinfodlg.obj
c:\ia\programacion\emule-aishor\srchybrid\win32\debug\webserver.obj
c:\ia\programacion\emule-aishor\srchybrid\win32\debug\upnpimplminilib.obj
c:\ia\programacion\emule-aishor\srchybrid\win32\debug\uploadqueue.obj
c:\ia\programacion\emule-aishor\srchybrid\win32\debug\statisticsdlg.obj
c:\ia\programacion\emule-aishor\srchybrid\win32\debug\mulestatusbarctrl.obj
c:\ia\programacion\emule-aishor\srchybrid\win32\debug\tlsthreading.obj
c:\ia\programacion\emule-aishor\srchybrid\win32\debug\sendmail.obj
c:\ia\programacion\emule-aishor\srchybrid\win32\debug\ppgwebserver.obj
c:\ia\programacion\emule-aishor\srchybrid\win32\debug\emuledlg.obj
c:\ia\programacion\emule-aishor\srchybrid\win32\debug\websocket.obj
c:\ia\programacion\emule-aishor\srchybrid\win32\debug\baseclient.obj
c:\ia\programacion\emule-aishor\srchybrid\win32\debug\emule.pch
c:\ia\programacion\emule-aishor\srchybrid\win32\debug\stdafx.obj
c:\ia\programacion\emule-aishor\srchybrid\win32\debug\emule.obj
c:\ia\programacion\emule-aishor\srchybrid\win32\debug\clientcredits.obj
c:\ia\programacion\emule-aishor\srchybrid\win32\debug\chatwnd.obj
c:\ia\programacion\emule-aishor\srchybrid\win32\debug\chatselector.obj
c:\ia\programacion\emule-aishor\srchybrid\win32\debug\buttonstabctrl.obj
c:\ia\programacion\emule-aishor\srchybrid\win32\debug\barshader.obj
c:\ia\programacion\emule-aishor\srchybrid\win32\debug\asyncsocketexlayer.obj
c:\ia\programacion\emule-aishor\srchybrid\win32\debug\asyncsocketex.obj
c:\ia\programacion\emule-aishor\srchybrid\win32\debug\asyncproxysocketlayer.obj
c:\ia\programacion\emule-aishor\srchybrid\win32\debug\archiverecovery.obj
c:\ia\programacion\emule-aishor\srchybrid\win32\debug\archivepreviewdlg.obj
c:\ia\programacion\emule-aishor\srchybrid\win32\debug\addsourcedlg.obj
c:\ia\programacion\emule-aishor\srchybrid\win32\debug\addfriend.obj
c:\ia\programacion\emule-aishor\srchybrid\win32\debug\abstractfile.obj
c:\ia\programacion\emule-aishor\srchybrid\win32\debug\aichsyncthread.obj
c:\ia\programacion\emule-aishor\srchybrid\win32\debug\customautocomplete.obj
c:\ia\programacion\emule-aishor\srchybrid\win32\debug\creditsthread.obj
c:\ia\programacion\emule-aishor\srchybrid\win32\debug\creditsdlg.obj
c:\ia\programacion\emule-aishor\srchybrid\win32\debug\corruptionblackbox.obj
c:\ia\programacion\emule-aishor\srchybrid\win32\debug\commentlistctrl.obj
c:\ia\programacion\emule-aishor\srchybrid\win32\debug\commentdialoglst.obj
c:\ia\programacion\emule-aishor\srchybrid\win32\debug\commentdialog.obj
c:\ia\programacion\emule-aishor\srchybrid\win32\debug\comboboxex2.obj
c:\ia\programacion\emule-aishor\srchybrid\win32\debug\colourpopup.obj
c:\ia\programacion\emule-aishor\srchybrid\win32\debug\colorbutton.obj
c:\ia\programacion\emule-aishor\srchybrid\win32\debug\collectionviewdialog.obj
c:\ia\programacion\emule-aishor\srchybrid\win32\debug\collectionlistctrl.obj
c:\ia\programacion\emule-aishor\srchybrid\win32\debug\collectionfile.obj
c:\ia\programacion\emule-aishor\srchybrid\win32\debug\collectioncreatedialog.obj
c:\ia\programacion\emule-aishor\srchybrid\win32\debug\collection.obj
c:\ia\programacion\emule-aishor\srchybrid\win32\debug\closabletabctrl.obj
c:\ia\programacion\emule-aishor\srchybrid\win32\debug\clientudpsocket.obj
c:\ia\programacion\emule-aishor\srchybrid\win32\debug\clientlistctrl.obj
c:\ia\programacion\emule-aishor\srchybrid\win32\debug\encryptedstreamsocket.obj
c:\ia\programacion\emule-aishor\srchybrid\win32\debug\encrypteddatagramsocket.obj
c:\ia\programacion\emule-aishor\srchybrid\win32\debug\editx.obj
c:\ia\programacion\emule-aishor\srchybrid\win32\debug\editdelayed.obj
c:\ia\programacion\emule-aishor\srchybrid\win32\debug\emsocket.obj
c:\ia\programacion\emule-aishor\srchybrid\win32\debug\ed2klinkdlg.obj
c:\ia\programacion\emule-aishor\srchybrid\win32\debug\ed2klink.obj
c:\ia\programacion\emule-aishor\srchybrid\win32\debug\droptarget.obj
c:\ia\programacion\emule-aishor\srchybrid\win32\debug\dropdownbutton.obj
c:\ia\programacion\emule-aishor\srchybrid\win32\debug\downloadqueue.obj
c:\ia\programacion\emule-aishor\srchybrid\win32\debug\downloadlistctrl.obj
c:\ia\programacion\emule-aishor\srchybrid\win32\debug\downloadclientsctrl.obj
c:\ia\programacion\emule-aishor\srchybrid\win32\debug\downloadclient.obj
c:\ia\programacion\emule-aishor\srchybrid\win32\debug\directorytreectrl.obj
c:\ia\programacion\emule-aishor\srchybrid\win32\debug\directdownloaddlg.obj
c:\ia\programacion\emule-aishor\srchybrid\win32\debug\ipfilter.obj
c:\ia\programacion\emule-aishor\srchybrid\win32\debug\i18n.obj
c:\ia\programacion\emule-aishor\srchybrid\win32\debug\httpdownloaddlg.obj
c:\ia\programacion\emule-aishor\srchybrid\win32\debug\httpclientreqsocket.obj
c:\ia\programacion\emule-aishor\srchybrid\win32\debug\htricheditctrl.obj
c:\ia\programacion\emule-aishor\srchybrid\win32\debug\gradientstatic.obj
c:\ia\programacion\emule-aishor\srchybrid\win32\debug\gzipfile.obj
c:\ia\programacion\emule-aishor\srchybrid\win32\debug\gdithread.obj
c:\ia\programacion\emule-aishor\srchybrid\win32\debug\friendlistctrl.obj
c:\ia\programacion\emule-aishor\srchybrid\win32\debug\friendlist.obj
c:\ia\programacion\emule-aishor\srchybrid\win32\debug\friend.obj
c:\ia\programacion\emule-aishor\srchybrid\win32\debug\framegrabthread.obj
c:\ia\programacion\emule-aishor\srchybrid\win32\debug\fileinfodialog.obj
c:\ia\programacion\emule-aishor\srchybrid\win32\debug\fileidentifier.obj
c:\ia\programacion\emule-aishor\srchybrid\win32\debug\filedetaildlgstatistics.obj
c:\ia\programacion\emule-aishor\srchybrid\win32\debug\filedetaildialogname.obj
c:\ia\programacion\emule-aishor\srchybrid\win32\debug\filedetaildialoginfo.obj
c:\ia\programacion\emule-aishor\srchybrid\win32\debug\lastcommonroutefinder.obj
c:\ia\programacion\emule-aishor\srchybrid\win32\debug\knownfile.obj
c:\ia\programacion\emule-aishor\srchybrid\win32\debug\kademliawnd.obj
c:\ia\programacion\emule-aishor\srchybrid\win32\debug\kadsearchlistctrl.obj
c:\ia\programacion\emule-aishor\srchybrid\win32\debug\kadlookupgraph.obj
c:\ia\programacion\emule-aishor\srchybrid\win32\debug\kadcontactlistctrl.obj
c:\ia\programacion\emule-aishor\srchybrid\win32\debug\kadcontacthistogramctrl.obj
c:\ia\programacion\emule-aishor\srchybrid\win32\debug\ircwnd.obj
c:\ia\programacion\emule-aishor\srchybrid\win32\debug\ircsocket.obj
c:\ia\programacion\emule-aishor\srchybrid\win32\debug\ircnicklistctrl.obj
c:\ia\programacion\emule-aishor\srchybrid\win32\debug\ircmain.obj
c:\ia\programacion\emule-aishor\srchybrid\win32\debug\ircchanneltabctrl.obj
c:\ia\programacion\emule-aishor\srchybrid\win32\debug\ircchannellistctrl.obj
c:\ia\programacion\emule-aishor\srchybrid\win32\debug\inputbox.obj
c:\ia\programacion\emule-aishor\srchybrid\win32\debug\iconstatic.obj
c:\ia\programacion\emule-aishor\srchybrid\win32\debug\ipfilterdlg.obj
c:\ia\programacion\emule-aishor\srchybrid\win32\debug\muletoolbarctrl.obj
c:\ia\programacion\emule-aishor\srchybrid\win32\debug\mulelistctrl.obj
c:\ia\programacion\emule-aishor\srchybrid\win32\debug\minimule.obj
c:\ia\programacion\emule-aishor\srchybrid\win32\debug\metericon.obj
c:\ia\programacion\emule-aishor\srchybrid\win32\debug\metadatadlg.obj
c:\ia\programacion\emule-aishor\srchybrid\win32\debug\mediainfo.obj
c:\ia\programacion\emule-aishor\srchybrid\win32\debug\mdump.obj
c:\ia\programacion\emule-aishor\srchybrid\win32\debug\md5sum.obj
c:\ia\programacion\emule-aishor\srchybrid\win32\debug\md4.obj
c:\ia\programacion\emule-aishor\srchybrid\win32\debug\log.obj
c:\ia\programacion\emule-aishor\srchybrid\win32\debug\listensocket.obj
c:\ia\programacion\emule-aishor\srchybrid\win32\debug\listviewwalkerpropertysheet.obj
c:\ia\programacion\emule-aishor\srchybrid\win32\debug\listviewsearchdlg.obj
c:\ia\programacion\emule-aishor\srchybrid\win32\debug\listctrlx.obj
c:\ia\programacion\emule-aishor\srchybrid\win32\debug\listctrleditable.obj
c:\ia\programacion\emule-aishor\srchybrid\win32\debug\partfileconvert.obj
c:\ia\programacion\emule-aishor\srchybrid\win32\debug\partfile.obj
c:\ia\programacion\emule-aishor\srchybrid\win32\debug\packets.obj
c:\ia\programacion\emule-aishor\srchybrid\win32\debug\pshtwiz1.obj
c:\ia\programacion\emule-aishor\srchybrid\win32\debug\ppgtweaks.obj
c:\ia\programacion\emule-aishor\srchybrid\win32\debug\ppgsecurity.obj
c:\ia\programacion\emule-aishor\srchybrid\win32\debug\ppgscheduler.obj
c:\ia\programacion\emule-aishor\srchybrid\win32\debug\ppgproxy.obj
c:\ia\programacion\emule-aishor\srchybrid\win32\debug\ppgnotify.obj
c:\ia\programacion\emule-aishor\srchybrid\win32\debug\ppgmessages.obj
c:\ia\programacion\emule-aishor\srchybrid\win32\debug\ppgirc.obj
c:\ia\programacion\emule-aishor\srchybrid\win32\debug\ppggeneral.obj
c:\ia\programacion\emule-aishor\srchybrid\win32\debug\ppgfiles.obj
c:\ia\programacion\emule-aishor\srchybrid\win32\debug\ppgdisplay.obj
c:\ia\programacion\emule-aishor\srchybrid\win32\debug\ppgdirectories.obj
c:\ia\programacion\emule-aishor\srchybrid\win32\debug\ppgdebug.obj
c:\ia\programacion\emule-aishor\srchybrid\win32\debug\ppgconnection.obj
c:\ia\programacion\emule-aishor\srchybrid\win32\debug\searchfile.obj
c:\ia\programacion\emule-aishor\srchybrid\win32\debug\searchdlg.obj
c:\ia\programacion\emule-aishor\srchybrid\win32\debug\scheduler.obj
c:\ia\programacion\emule-aishor\srchybrid\win32\debug\safefile.obj
c:\ia\programacion\emule-aishor\srchybrid\win32\debug\shahashset.obj
c:\ia\programacion\emule-aishor\srchybrid\win32\debug\richeditstream.obj
c:\ia\programacion\emule-aishor\srchybrid\win32\debug\richeditctrlx.obj
c:\ia\programacion\emule-aishor\srchybrid\win32\debug\rarfile.obj
c:\ia\programacion\emule-aishor\srchybrid\win32\debug\queuelistctrl.obj
c:\ia\programacion\emule-aishor\srchybrid\win32\debug\quantize.obj
c:\ia\programacion\emule-aishor\srchybrid\win32\debug\progressctrlx.obj
c:\ia\programacion\emule-aishor\srchybrid\win32\debug\previewdlg.obj
c:\ia\programacion\emule-aishor\srchybrid\win32\debug\preview.obj
c:\ia\programacion\emule-aishor\srchybrid\win32\debug\preferencesdlg.obj
c:\ia\programacion\emule-aishor\srchybrid\win32\debug\pinger.obj
c:\ia\programacion\emule-aishor\srchybrid\win32\debug\perflog.obj
c:\ia\programacion\emule-aishor\srchybrid\win32\debug\partfilewritethread.obj
c:\ia\programacion\emule-aishor\srchybrid\win32\debug\smileyselector.obj
c:\ia\programacion\emule-aishor\srchybrid\win32\debug\sharedfileswnd.obj
c:\ia\programacion\emule-aishor\srchybrid\win32\debug\sharedfilesctrl.obj
c:\ia\programacion\emule-aishor\srchybrid\win32\debug\sharedfilelist.obj
c:\ia\programacion\emule-aishor\srchybrid\win32\debug\shareddirstreectrl.obj
c:\ia\programacion\emule-aishor\srchybrid\win32\debug\shareablefile.obj
c:\ia\programacion\emule-aishor\srchybrid\win32\debug\serversocket.obj
c:\ia\programacion\emule-aishor\srchybrid\win32\debug\serverlistctrl.obj
c:\ia\programacion\emule-aishor\srchybrid\win32\debug\serverlist.obj
c:\ia\programacion\emule-aishor\srchybrid\win32\debug\serverconnect.obj
c:\ia\programacion\emule-aishor\srchybrid\win32\debug\selftest.obj
c:\ia\programacion\emule-aishor\srchybrid\win32\debug\secrunasuser.obj
c:\ia\programacion\emule-aishor\srchybrid\win32\debug\searchresultswnd.obj
c:\ia\programacion\emule-aishor\srchybrid\win32\debug\searchlist.obj
c:\ia\programacion\emule-aishor\srchybrid\win32\debug\traydialog.obj
c:\ia\programacion\emule-aishor\srchybrid\win32\debug\transferwnd.obj
c:\ia\programacion\emule-aishor\srchybrid\win32\debug\transferdlg.obj
c:\ia\programacion\emule-aishor\srchybrid\win32\debug\toolbarwnd.obj
c:\ia\programacion\emule-aishor\srchybrid\win32\debug\tooltipctrlx.obj
c:\ia\programacion\emule-aishor\srchybrid\win32\debug\titlemenu.obj
c:\ia\programacion\emule-aishor\srchybrid\win32\debug\timetick.obj
c:\ia\programacion\emule-aishor\srchybrid\win32\debug\texttospeech.obj
c:\ia\programacion\emule-aishor\srchybrid\win32\debug\taskbarnotifier.obj
c:\ia\programacion\emule-aishor\srchybrid\win32\debug\tabctrl.obj
c:\ia\programacion\emule-aishor\srchybrid\win32\debug\stringconversion.obj
c:\ia\programacion\emule-aishor\srchybrid\win32\debug\statistics.obj
c:\ia\programacion\emule-aishor\srchybrid\win32\debug\statisticfile.obj
c:\ia\programacion\emule-aishor\srchybrid\win32\debug\splittercontrol.obj
c:\ia\programacion\emule-aishor\srchybrid\win32\debug\wizard.obj
c:\ia\programacion\emule-aishor\srchybrid\win32\debug\visualstylesxp.obj
c:\ia\programacion\emule-aishor\srchybrid\win32\debug\version.obj
c:\ia\programacion\emule-aishor\srchybrid\win32\debug\uploadlistctrl.obj
c:\ia\programacion\emule-aishor\srchybrid\win32\debug\uploaddiskiothread.obj
c:\ia\programacion\emule-aishor\srchybrid\win32\debug\uploadclient.obj
c:\ia\programacion\emule-aishor\srchybrid\win32\debug\uploadbandwidththrottler.obj
c:\ia\programacion\emule-aishor\srchybrid\win32\debug\urlclient.obj
c:\ia\programacion\emule-aishor\srchybrid\win32\debug\upnpimplwrapper.obj
c:\ia\programacion\emule-aishor\srchybrid\win32\debug\udpsocket.obj
c:\ia\programacion\emule-aishor\srchybrid\win32\debug\treepropsheetpgframedef.obj
c:\ia\programacion\emule-aishor\srchybrid\win32\debug\treepropsheetpgframe.obj
c:\ia\programacion\emule-aishor\srchybrid\win32\debug\treepropsheet.obj
c:\ia\programacion\emule-aishor\srchybrid\win32\debug\treeoptionsctrlex.obj
c:\ia\programacion\emule-aishor\srchybrid\win32\debug\miscutils.obj
c:\ia\programacion\emule-aishor\srchybrid\win32\debug\lookuphistory.obj
c:\ia\programacion\emule-aishor\srchybrid\win32\debug\routingzone.obj
c:\ia\programacion\emule-aishor\srchybrid\win32\debug\routingbin.obj
c:\ia\programacion\emule-aishor\srchybrid\win32\debug\contact.obj
c:\ia\programacion\emule-aishor\srchybrid\win32\debug\packettracking.obj
c:\ia\programacion\emule-aishor\srchybrid\win32\debug\kademliaudplistener.obj
c:\ia\programacion\emule-aishor\srchybrid\win32\debug\udpfirewalltester.obj
c:\ia\programacion\emule-aishor\srchybrid\win32\debug\searchmanager.obj
c:\ia\programacion\emule-aishor\srchybrid\win32\debug\search.obj
c:\ia\programacion\emule-aishor\srchybrid\win32\debug\indexed.obj
c:\ia\programacion\emule-aishor\srchybrid\win32\debug\entry.obj
c:\ia\programacion\emule-aishor\srchybrid\win32\debug\ioexception.obj
c:\ia\programacion\emule-aishor\srchybrid\win32\debug\fileio.obj
c:\ia\programacion\emule-aishor\srchybrid\win32\debug\dataio.obj
c:\ia\programacion\emule-aishor\srchybrid\win32\debug\byteio.obj
c:\ia\programacion\emule-aishor\srchybrid\win32\debug\bufferedfileio.obj
c:\ia\programacion\emule-aishor\srchybrid\win32\debug\uint128.obj
c:\ia\programacion\emule-aishor\srchybrid\win32\debug\threadname.obj
c:\ia\programacion\emule-aishor\srchybrid\win32\debug\parser.obj
c:\ia\programacion\emule-aishor\srchybrid\win32\debug\scanner.obj
c:\ia\programacion\emule-aishor\srchybrid\win32\debug\emule.res
c:\ia\programacion\emule-aishor\srchybrid\win32\debug\emule.pdb
